2014-01-27 12:03:33.408 MyApp[18706:80b] Multi-tasking -> Device: YES, App: YES
2014-01-27 12:03:33.714 MyApp[18706:80b] Unlimited access to network resources
2014-01-27 12:03:35.821 MyApp[18706:80b] Resetting plugins due to page load.
2014-01-27 12:03:36.507 MyApp[18706:80b] Finished load of: file:///Users/sudhir/Library/Application%20Support/iPhone%20Simulator/7.0.3/Applications/A49FAA37-5310-4AE1-A38F-5F7290B07B57/MyApp.app/www/index.html
2014-01-27 13:27:43.350 MyApp[20203:80b] Multi-tasking -> Device: YES, App: YES
2014-01-27 13:27:43.389 MyApp[20203:80b] Unlimited access to network resources
2014-01-27 13:27:43.641 MyApp[20203:80b] Resetting plugins due to page load.
2014-01-27 13:27:44.400 MyApp[20203:80b] Finished load of: file:///Users/sudhir/Library/Application%20Support/iPhone%20Simulator/7.0.3/Applications/A49FAA37-5310-4AE1-A38F-5F7290B07B57/MyApp.app/www/index.html
2014-02-01 12:50:24.802 MyApp[61841:80b] Multi-tasking -> Device: YES, App: YES
2014-02-01 12:50:25.059 MyApp[61841:80b] Unlimited access to network resources
2014-02-01 12:50:27.647 MyApp[61841:80b] Resetting plugins due to page load.
2014-02-01 12:50:28.283 MyApp[61841:80b] Finished load of: file:///Users/sudhir/Library/Application%20Support/iPhone%20Simulator/7.0.3/Applications/A49FAA37-5310-4AE1-A38F-5F7290B07B57/MyApp.app/www/index.html
2014-02-13 22:50:00.401 MyApp[1473:80b] Multi-tasking -> Device: YES, App: YES
2014-02-13 22:50:00.826 MyApp[1473:80b] Unlimited access to network resources
2014-02-13 22:50:02.998 MyApp[1473:80b] Resetting plugins due to page load.
2014-02-13 22:50:03.959 MyApp[1473:80b] Finished load of: file:///Users/sudhir/Library/Application%20Support/iPhone%20Simulator/7.0.3/Applications/9BA6851A-A062-4496-B0C4-F3F23F72DF30/MyApp.app/www/index.html
Terminating in response to SpringBoard's termination.
2014-02-13 23:04:43.716 MyApp[2748:80b] Multi-tasking -> Device: YES, App: YES
2014-02-13 23:04:44.163 MyApp[2748:80b] Unlimited access to network resources
2014-02-13 23:04:46.470 MyApp[2748:80b] Resetting plugins due to page load.
2014-02-13 23:04:46.997 MyApp[2748:80b] Finished load of: file:///Users/sudhir/Library/Application%20Support/iPhone%20Simulator/7.0.3/Applications/9BA6851A-A062-4496-B0C4-F3F23F72DF30/MyApp.app/www/index.html
2014-02-19 21:27:01.393 MyApp[18514:80b] Multi-tasking -> Device: YES, App: YES
2014-02-19 21:27:01.466 MyApp[18514:80b] Unlimited access to network resources
2014-02-19 21:27:01.595 MyApp[18514:80b] Resetting plugins due to page load.
2014-02-19 21:27:02.480 MyApp[18514:80b] Finished load of: file:///Users/sudhir/Library/Application%20Support/iPhone%20Simulator/7.0.3/Applications/9BA6851A-A062-4496-B0C4-F3F23F72DF30/MyApp.app/www/index.html
Terminating in response to SpringBoard's termination.
2014-02-20 11:24:16.972 MyApp[23731:80b] Multi-tasking -> Device: YES, App: YES
2014-02-20 11:24:16.994 MyApp[23731:80b] Unlimited access to network resources
2014-02-20 11:24:17.175 MyApp[23731:80b] Resetting plugins due to page load.
2014-02-20 11:24:17.599 MyApp[23731:80b] Finished load of: file:///Users/sudhir/Library/Application%20Support/iPhone%20Simulator/7.0.3/Applications/9BA6851A-A062-4496-B0C4-F3F23F72DF30/MyApp.app/www/index.html
Terminating in response to SpringBoard's termination.
2014-02-20 11:29:50.874 MyApp[25135:80b] Multi-tasking -> Device: YES, App: YES
2014-02-20 11:29:50.898 MyApp[25135:80b] Unlimited access to network resources
2014-02-20 11:29:51.148 MyApp[25135:80b] Resetting plugins due to page load.
2014-02-20 11:29:51.570 MyApp[25135:80b] Finished load of: file:///Users/sudhir/Library/Application%20Support/iPhone%20Simulator/7.0.3/Applications/9BA6851A-A062-4496-B0C4-F3F23F72DF30/MyApp.app/www/index.html
2014-02-27 21:43:23.415 MyApp[47741:80b] Multi-tasking -> Device: YES, App: YES
2014-02-27 21:43:24.435 MyApp[47741:80b] Unlimited access to network resources
2014-02-27 21:43:29.597 MyApp[47741:80b] Resetting plugins due to page load.
2014-02-27 21:43:30.413 MyApp[47741:80b] Finished load of: file:///Users/sudhir/Library/Application%20Support/iPhone%20Simulator/7.0.3/Applications/ED1552CA-9D3E-4F38-9D83-8D18B519B5D9/MyApp.app/www/index.html
Terminating in response to SpringBoard's termination.
2014-02-27 21:58:25.125 MyApp[48579:80b] Multi-tasking -> Device: YES, App: YES
2014-02-27 21:58:25.296 MyApp[48579:80b] Unlimited access to network resources
2014-02-27 21:58:28.184 MyApp[48579:80b] Resetting plugins due to page load.
2014-02-27 21:58:28.764 MyApp[48579:80b] Finished load of: file:///Users/sudhir/Library/Application%20Support/iPhone%20Simulator/7.0.3/Applications/ED1552CA-9D3E-4F38-9D83-8D18B519B5D9/MyApp.app/www/index.html
2014-02-27 22:02:45.295 MyApp[48579:80b] THREAD WARNING: ['Geolocation'] took '18.620850' ms. Plugin should use a background thread.
